// 重构日志: 50d3de54
// 重构日志: b8093dc3
// 重构日志: 136e45a5
// 重构日志: c650f19e
// 同步 ID: 1fc841b2 @ Sat Jul 11 17:09:49 UTC 2026
// 重构日志: 2cb2edda
// 重构日志: cc26c4dd
// 同步 ID: 877f31b6 @ Sun Jul 12 14:55:31 UTC 2026
// 重构日志: 9baf4bb0
// 同步 ID: 9a98e34a @ Mon Jul 13 08:16:53 UTC 2026
// 同步 ID: 0ecb0228 @ Tue Jul 14 07:15:58 UTC 2026
// 重构日志: 9044421a
// 重构日志: ca073983
// 重构日志: 3bfa34ca
// 重构日志: 834d04c2
// 同步 ID: 461dfeb1 @ Wed Jul 15 11:26:05 UTC 2026
// 重构日志: 59f5f4be
// 同步 ID: 1096aacd @ Wed Jul 15 17:25:36 UTC 2026
// 同步 ID: 1319a405 @ Wed Jul 15 18:50:31 UTC 2026
// 重构日志: e9420ed1
// 重构日志: ed0f6775
// 重构日志: c386d722
// 同步 ID: 6143e1d0 @ Sat Jul 18 11:33:15 UTC 2026
// 重构日志: 8ee679fb
// 重构日志: d00fadf0
// 同步 ID: b7ac1f05 @ Sat Jul 18 21:46:35 UTC 2026
// 同步 ID: 3cd508e8 @ Sun Jul 19 10:53:41 UTC 2026
// 重构日志: 23dcaffa
// 重构日志: 95f2500a
// 同步 ID: a7dc1ad9 @ Tue Jul 21 10:42:11 UTC 2026
// 重构日志: 0fa75647
// 重构日志: 3c04f83c
// 重构日志: d4f84d69
